
[DEBUG] : New Q class 1
[DEBUG] : Minimal matrix:

----------------
--------++++++++
----++++----++++
----++++++++----
--++--++--++--++
--++--++++--++--
--++++----++++--
--++++--++----++
-+-+-+-+-+-+-+-+
-+-+-+-++-+-+-+-
-+-++-+--+-++-+-
-+-++-+-+-+--+-+
-++--++--++--++-
-++--++-+--++--+
-++-+--+-++-+--+
-++-+--++--+-++-

[DEBUG] : [ QClass 1 ] : Start with new candidate number 1
[DEBUG] : [ QClass 1 ] : Inserted new candidate number 2

----------------    ----------------    ----------------
--------++++++++    ----------------    --------++++++++
----++++----++++    ----------------    ----++++----++++
----++++++++----    ----------------    ----++++++++----
--++--++--++--++    ----------------    --++--++--++--++
--++--++++--++--    ----------------    --++--++++--++--
--++++----++++--    ----------------    --++++----++++--
--++++--++----++    ----------------    --++++--++----++
-+-+-+-+-+-+-+-+    ----------------    -+-+-+-+-+-+-+-+
-+-+-+-++-+-+-+-    --++----------++    -++--+-++-+-+--+
-+-++-+--+-++-+-    --++----------++    -++-+-+--+-++--+
-+-++-+-+-+--+-+    ----------------    -+-++-+-+-+--+-+
-++--++--++--++-    ----------------    -++--++--++--++-
-++--++-+--++--+    --++----------++    -+-+-++-+--++-+-
-++-+--+-++-+--+    --++----------++    -+-++--+-++-+-+-
-++-+--++--+-++-    ----------------    -++-+--++--+-++-

[DEBUG] : [ QClass 1 ] : Start with new candidate number 2
[DEBUG] : [ QClass 1 ] : Inserted new candidate number 3

----------------    ----------------    ----------------
--------++++++++    ----------------    --------++++++++
----++++----++++    ----------------    ----++++----++++
----++++++++----    ----------------    ----++++++++----
--++--++--++--++    ----------------    --++--++--++--++
--++--++++--++--    ----------------    --++--++++--++--
--++++----++++--    ----------------    --++++----++++--
--++++--++----++    ----------------    --++++--++----++
-+-+-+-+-+-+-+-+    ----------------    -+-+-+-+-+-+-+-+
-+-+-+-++-+-+-+-    ----------------    -+-+-+-++-+-+-+-
-+-++-+--+-++-+-    ----------++--++    -+-++-+--++-+--+
-+-++-+-+-+--+-+    ----------++--++    -+-++-+-+--+-++-
-++--++--++-+--+    ----------++--++    -++--++--+-++-+-
-++--++-+--+-++-    ----------++--++    -++--++-+-+--+-+
-++-+--+-++--++-    ----------------    -++-+--+-++--++-
-++-+--++--++--+    ----------------    -++-+--++--++--+

[DEBUG] : [ QClass 1 ] : Start with new candidate number 3
[DEBUG] : [ QClass 1 ] : Inserted new candidate number 4

----------------    --------+-+--+-+    --------+-+--+-+
--------++++++++    --------+-+--+-+    ---------+-++-+-
----++++----++++    ----------------    ----++++----++++
----++++++++----    ----------------    ----++++++++----
--++--++--++--++    ----------------    --++--++--++--++
--++--++++--++--    ----------------    --++--++++--++--
--++++----++++--    ----------------    --++++----++++--
--++++--++----++    ----------------    --++++--++----++
-+-+-+-+-+-+-+-+    ----------------    -+-+-+-+-+-+-+-+
-+-+-+-++-+-+-+-    ----------------    -+-+-+-++-+-+-+-
-+-++-+--++--++-    ----------------    -+-++-+--++--++-
-+-++-+-+--++--+    ----------------    -+-++-+-+--++--+
-++--++--++-+--+    ----------------    -++--++--++-+--+
-++--++-+--+-++-    ----------------    -++--++-+--+-++-
-++-+--+-+-++-+-    --------+-+--+-+    -++-+--+++++++++
-++-+--++-+--+-+    --------+-+--+-+    -++-+--+--------

[DEBUG] : [ QClass 1 ] : Inserted new candidate number 5

----------------    ----------------    ----------------
--------++++++++    ----------------    --------++++++++
----++++----++++    ----------------    ----++++----++++
----++++++++----    ----------------    ----++++++++----
--++--++--++--++    ----------------    --++--++--++--++
--++--++++--++--    ----------------    --++--++++--++--
--++++----++++--    ----------------    --++++----++++--
--++++--++----++    ----------------    --++++--++----++
-+-+-+-+-+-+-+-+    ----------------    -+-+-+-+-+-+-+-+
-+-+-+-++-+-+-+-    --++----------++    -++--+-++-+-+--+
-+-++-+--++--++-    --++----------++    -++-+-+--++--+-+
-+-++-+-+--++--+    ----------------    -+-++-+-+--++--+
-++--++--++-+--+    --++----------++    -+-+-++--++-+-+-
-++--++-+--+-++-    ----------------    -++--++-+--+-++-
-++-+--+-+-++-+-    ----------------    -++-+--+-+-++-+-
-++-+--++-+--+-+    --++----------++    -+-++--++-+--++-

[DEBUG] : [ QClass 1 ] : Start with new candidate number 4
[DEBUG] : [ QClass 1 ] : Start with new candidate number 5

[DEBUG] : Already visited, Q class of matrix is 1
[DEBUG] : Minimal matrix:

----------------
--------++++++++
----++++----++++
----++++++++----
--++--++--++--++
--++--++++--++--
--++++----++++--
--++++--++----++
-+-+-+-+-+-+-+-+
-+-+-+-++-+-+-+-
-+-++-+--+-++-+-
-+-++-+-+-+--+-+
-++--++--++-+--+
-++--++-+--+-++-
-++-+--+-++--++-
-++-+--++--++--+


[DEBUG] : Already visited, Q class of matrix is 1
[DEBUG] : Minimal matrix:

----------------
--------++++++++
----++++----++++
----++++++++----
--++--++--++--++
--++--++++--++--
--++++----++++--
--++++--++----++
-+-+-+-+-+-+-+-+
-+-+-+-++-+-+-+-
-+-++-+--++--++-
-+-++-+-+--++--+
-++--++--++-+--+
-++--++-+--+-++-
-++-+--+-+-++-+-
-++-+--++-+--+-+


[DEBUG] : Already visited, Q class of matrix is 1
[DEBUG] : Minimal matrix:

----------------
--------++++++++
----++++----++++
----++++++++----
--++--++--++--++
--++--++++--++--
--++++----++++--
--++++--++----++
-+-+-+-+-+-+-+-+
-+-+-++--++-+-+-
-+-++--++-+--++-
-+-++-+-+--++--+
-++--+-++-+-+--+
-++--++-+--+-++-
-++-+--+-+-++-+-
-++-+-+--++--+-+


[DEBUG] : Already visited, Q class of matrix is 1
[DEBUG] : Minimal matrix:

----------------
--------++++++++
----++++----++++
----++++++++----
--++--++--++--++
--++--++++--++--
--++++---+-+-+-+
--++++--+-+-+-+-
-+-+-+-+--++++--
-+-+-+-+++----++
-+-++-+--++--++-
-+-++-+-+--++--+
-++--++--++-+--+
-++--++-+--+-++-
-++-+--+-+-++-+-
-++-+--++-+--+-+


================================================================
[TIME] : time = 2:26 [min:sec]
Found 1 distinct Q Classes:
 > Matrix number 1 has 1 Q class

++++++++++++++++
++++++++--------
++++----++++----
++++--------++++
++--++--++--++--
++--++----++--++
++----++++----++
++----++--++++--
+-+-+-+-+-+-+-+-
+-+-+-+--+-+-+-+
+-+--+-++-+--+-+
+-+--+-+-+-++-+-
+--++--++--++--+
+--++--+-++--++-
+--+-++-+--+-++-
+--+-++--++-+--+

 > Matrix number 2 has 1 Q class

++++++++++++++++
++++++++--------
++++----++++----
++++--------++++
++--++--++--++--
++--++----++--++
++----++++----++
++----++--++++--
+-+-+-+-+-+-+-+-
+-+-+-+--+-+-+-+
+-+--+-++-+--+-+
+-+--+-+-+-++-+-
+--++--++--+-++-
+--++--+-++-+--+
+--+-++-+--++--+
+--+-++--++--++-

 > Matrix number 3 has 1 Q class

++++++++++++++++
++++++++--------
++++----++++----
++++--------++++
++--++--++--++--
++--++----++--++
++----++++----++
++----++--++++--
+-+-+-+-+-+-+-+-
+-+-+-+--+-+-+-+
+-+--+-++--++--+
+-+--+-+-++--++-
+--++--++--+-++-
+--++--+-++-+--+
+--+-++-+-+--+-+
+--+-++--+-++-+-

 > Matrix number 4 has 1 Q class

++++++++++++++++
++++++++--------
++++----++++----
++++--------++++
++--++--++--++--
++--++----++--++
++----++++----++
++----++--++++--
+-+-+-+-+-+-+-+-
+-+-+--++--+-+-+
+-+--++--+-++--+
+-+--+-+-++--++-
+--++-+--+-+-++-
+--++--+-++-+--+
+--+-++-+-+--+-+
+--+-+-++--++-+-

 > Matrix number 5 has 1 Q class

++++++++++++++++
++++++++--------
++++----++++----
++++--------++++
++--++--++--++--
++--++----++--++
++----+++-+-+-+-
++----++-+-+-+-+
+-+-+-+-++----++
+-+-+-+---++++--
+-+--+-++--++--+
+-+--+-+-++--++-
+--++--++--+-++-
+--++--+-++-+--+
+--+-++-+-+--+-+
+--+-++--+-++-+-