
[DEBUG] : New Q class 1
[DEBUG] : Minimal matrix:

--------------------
----------++++++++++
-----+++++-----+++++
----+-++++-++++----+
---+++--+++--++--++-
--+-++-+-++-+-+++---
--++--+-++++-+-++---
--++-+-++-+++-----++
--+++-++----++--+++-
--+++++----+--++-+-+
-+--+++-+-+++---++--
-+-+-+-+-+-+++-+-+--
-+-+-+++--+--++-+--+
-+-++--++--+--+++-+-
-+-++-+--++-+--+--++
-++---++-+++--+--++-
-++--++-+---++++--+-
-++-+--++-+--+-+-+-+
-++-++---+-+-+--+-++
-+++----++--+-+-++-+

[DEBUG] : [ QClass 1 ] : Start with new candidate number 1
[DEBUG] : [ QClass 1 ] : Inserted new candidate number 2

--------------------    --------------------    --------------------
----------++++++++++    ---+-----+----+---+-    ---+-----+++++-+++-+
-----+++++-----+++++    --------------------    -----+++++-----+++++
----+-++++-++++----+    --------------------    ----+-++++-++++----+
---+++--+++--++--++-    --------------------    ---+++--+++--++--++-
--+-++-+-++-+-+++---    --------------------    --+-++-+-++-+-+++---
--++--+-++++-+-++---    ---+-----+----+---+-    --+---+-+-++-++++-+-
--++-+-++-+++-----++    --------------------    --++-+-++-+++-----++
--+++-++----++--+++-    --------------------    --+++-++----++--+++-
--+++++----+--++-+-+    --------------------    --+++++----+--++-+-+
-+--+++-+-+++---++--    --------------------    -+--+++-+-+++---++--
-+-+-+-+-+-+++-+-+--    ---+-----+----+---+-    -+---+-+---+++++-++-
-+-+-+++--+--++-+--+    --------------------    -+-+-+++--+--++-+--+
-+-++--++--+--+++-+-    -------+---++------+    -+-++---+---+-+++-++
-+-++-+--++-+--+--++    -------+---++------+    -+-++-++-+++---+--+-
-++---++-+++--+--++-    -------+---++------+    -++---+--++-+-+--+++
-++--++-+---++++--+-    ---+-----+----+---+-    -+++-++-++--++-+----
-++-+--++-+--+-+-+-+    --------------------    -++-+--++-+--+-+-+-+
-++-++---+-+-+--+-++    --------------------    -++-++---+-+-+--+-++
-+++----++--+-+-++-+    -------+---++------+    -+++---+++-+--+-++--

[DEBUG] : [ QClass 1 ] : Start with new candidate number 2
[DEBUG] : [ QClass 1 ] : Inserted new candidate number 3

--------------------    ------------++-+--+-    ------------++-+--+-
----------++++++++++    ------------++-+--+-    ----------++--+-++-+
-----+++++-----+++++    --------------------    -----+++++-----+++++
----+-++++-++++----+    --------------------    ----+-++++-++++----+
---+++--+++--++--++-    --------------------    ---+++--+++--++--++-
--+-++--+++++--++---    --------------------    --+-++--+++++--++---
--++--++-++--++++---    --------------------    --++--++-++--++++---
--++--+++-+++----++-    --------------------    --++--+++-+++----++-
--++++-+----+-+-+-++    --------------------    --++++-+----+-+-+-++
--+++++----+-+-+-+-+    --------------------    --+++++----+-+-+-+-+
-+--++++--+-++--++--    --------------------    -+--++++--+-++--++--
-+-+-+-+-+-++-++-+--    --------------------    -+-+-+-+-+-++-++-+--
-+-+-++-+-++--+-+--+    ------------++-+--+-    -+-+-++-+-+++++++-++
-+-++--++--+-+-++-+-    --++----------+--+--    -++-+--++--+-++++++-
-+-++-+--++-+--+--++    --++----------+--+--    -++-+-+--++-+-++-+++
-++--+-+-+++-+----++    --------------------    -++--+-+-+++-+----++
-++--++-+---++++--+-    ------------++-+--+-    -++--++-+-----+-----
-++-+--++-+---++-+-+    --++----------+--+--    -+-++--++-+----+---+
-++-+-+--+-+--+-+++-    --++----------+--+--    -+-++-+--+-+----+-+-
-+++----++--++--++-+    --------------------    -+++----++--++--++-+

[DEBUG] : [ QClass 1 ] : Start with new candidate number 3

[DEBUG] : Already visited, Q class of matrix is 1
[DEBUG] : Minimal matrix:

--------------------
----------++++++++++
-----+++++-----+++++
----+-++++-++++----+
---+++--+++--++--++-
--+-++--+++++--++---
--++--++-++--++++---
--++--+++-+++----++-
--++++-+----+-+-+-++
--+++++----+-+-+-+-+
-+--++++--+-+-++-+--
-+-+-+-+-+-+++--++--
-+-+-++-+-++--+-+--+
-+-++--+-+++---+--++
-+-++-+-+---++-++-+-
-++--+-++--+-+++--+-
-++--++--++-++----++
-++-+--++-+--+--++-+
-++-+-+--+-+--+-+++-
-+++----++--+-++-+-+


[DEBUG] : Already visited, Q class of matrix is 1
[DEBUG] : Minimal matrix:

--------------------
----------++++++++++
-----+++++-----+++++
----+-++++-++++----+
---+++--+++--++--++-
--+-++--+++++--++---
--++--++-++--++++---
--++--+++-+++----++-
--++++-+----+-+-+-++
--+++++----+-+-+-+-+
-+--++++--+-++--++--
-+-+-+-+-+-++-++-+--
-+-+-++-+-++--+-+--+
-+-++--++--+-+-++-+-
-+-++-+--++-+--+--++
-++--+-+-+++-+----++
-++--++-+---++++--+-
-++-+--++-+---++-+-+
-++-+-+--+-+--+-+++-
-+++----++--++--++-+


================================================================
[TIME] : time = 1:25 [min:sec]
Found 1 distinct Q Classes:
 > Matrix number 1 has 1 Q class

++++++++++++++++++++
++++++++++----------
+++++-----+++++-----
++++-+----+----++++-
+++---++---++--++--+
++-+--+-+--+-+---+++
++--++-+----+-+--+++
++--+-+--+---+++++--
++---+--++++--++---+
++-----++++-++--+-+-
+-++---+-+---+++--++
+-+-+-+-+-+---+-+-++
+-+-+---++-++--+-++-
+-+--++--++-++---+-+
+-+--+-++--+-++-++--
+--+++--+---++-++--+
+--++--+-+++----++-+
+--+-++--+-++-+-+-+-
+--+--+++-+-+-++-+--
+---++++--++-+-+--+-

 > Matrix number 2 has 1 Q class

++++++++++++++++++++
++++++++++----------
+++++-----+++++-----
++++-+----+----++++-
+++---++---++--++--+
++-+--++-----++--+++
++--++--+--++----+++
++--++---+---++++--+
++----+-++++-+-+-+--
++-----++++-+-+-+-+-
+-++----++-+-+--+-++
+-+-+-+-+-+---++--++
+-+-+--+-+--++-+-++-
+-+--++-+---+++-++--
+-+--+-+-+++--+--+-+
+--++-+--++-+---++-+
+--++--++--+--++++--
+--+-++--+-++-++--+-
+--+-+-++-+-++-+---+
+---++++--++-+--+-+-

 > Matrix number 3 has 1 Q class

++++++++++++++++++++
++++++++++----------
+++++-----+++++-----
++++-+----+----++++-
+++---++---++--++--+
++-+--++-----++--+++
++--++--+--++----+++
++--++---+---++++--+
++----+-++++-+-+-+--
++-----++++-+-+-+-+-
+-++----++-+--++--++
+-+-+-+-+-+--+--+-++
+-+-+--+-+--++-+-++-
+-+--++--++-+-+--+-+
+-+--+-++--+-++-++--
+--++-+-+---+-++++--
+--++--+-+++----++-+
+--+-++--+-+++--+-+-
+--+-+-++-+-++-+---+
+---++++--++--++--+-

